SF:lib/core/services/ad_service.dart
DA:14,3
DA:15,2
DA:16,1
DA:28,0
DA:29,0
DA:33,0
DA:34,0
DA:38,0
DA:39,0
DA:43,0
DA:44,0
DA:49,1
DA:50,1
DA:53,1
DA:54,0
DA:55,0
DA:56,0
DA:62,0
DA:63,0
DA:66,0
DA:68,2
DA:73,0
DA:74,0
DA:77,0
DA:78,0
DA:80,0
DA:81,0
DA:82,0
DA:87,0
DA:88,0
DA:91,0
DA:93,0
DA:94,0
DA:95,0
DA:96,0
DA:97,0
DA:98,0
DA:99,0
DA:105,0
DA:106,0
DA:107,0
DA:108,0
DA:113,0
DA:114,0
DA:115,0
DA:119,0
DA:121,0
DA:122,0
DA:125,0
DA:126,0
DA:129,0
DA:130,0
DA:134,0
DA:136,0
DA:140,0
DA:142,0
DA:144,0
DA:145,0
DA:147,0
DA:148,0
DA:149,0
DA:150,0
DA:151,0
DA:153,0
DA:154,0
DA:155,0
DA:160,0
DA:162,0
DA:166,0
DA:168,0
DA:170,0
DA:171,0
DA:173,0
DA:174,0
DA:175,0
DA:176,0
DA:177,0
DA:179,0
DA:180,0
DA:181,0
DA:186,0
DA:188,0
DA:192,0
DA:194,0
DA:196,0
DA:197,0
DA:199,0
DA:200,0
DA:201,0
DA:202,0
DA:203,0
DA:205,0
DA:206,0
DA:207,0
DA:212,0
DA:214,0
DA:219,0
DA:220,0
DA:222,0
DA:223,0
DA:228,0
DA:229,0
DA:232,0
DA:233,0
DA:234,0
DA:235,0
DA:236,0
DA:241,0
DA:244,0
DA:250,0
DA:251,0
DA:252,0
DA:256,0
DA:257,0
DA:258,0
DA:262,0
DA:263,0
DA:264,0
DA:265,0
DA:267,0
DA:269,0
DA:270,0
DA:271,0
DA:272,0
DA:276,0
DA:279,0
DA:285,0
DA:288,0
DA:289,0
DA:293,0
DA:294,0
DA:295,0
DA:299,0
DA:300,0
DA:301,0
DA:302,0
DA:304,0
DA:306,0
DA:307,0
DA:308,0
DA:309,0
DA:313,0
DA:316,0
DA:322,0
DA:323,0
DA:324,0
DA:328,0
DA:329,0
DA:330,0
DA:334,0
DA:335,0
DA:336,0
DA:337,0
DA:339,0
DA:341,0
DA:342,0
DA:343,0
DA:344,0
DA:348,0
DA:351,0
DA:357,0
DA:358,0
DA:359,0
DA:360,0
DA:361,0
DA:362,0
DA:363,0
DA:364,0
DA:369,0
DA:370,0
DA:371,0
DA:372,0
DA:374,1
DA:375,1
DA:376,1
DA:377,1
DA:378,1
LF:177
LH:12
end_of_record
SF:lib/core/services/preference_service.dart
DA:13,2
DA:14,1
DA:18,1
DA:19,2
DA:22,1
DA:23,2
DA:28,1
DA:29,2
DA:32,1
DA:33,2
DA:37,1
DA:38,2
DA:41,1
DA:42,3
DA:45,1
DA:46,2
DA:48,1
DA:54,1
DA:55,2
DA:58,1
DA:59,2
DA:62,1
DA:63,2
DA:66,1
DA:67,2
DA:71,1
DA:72,2
DA:75,1
DA:76,1
DA:77,3
DA:81,1
DA:82,1
DA:83,1
DA:84,1
DA:87,1
DA:91,1
DA:92,1
DA:96,1
DA:97,1
DA:100,3
DA:101,1
DA:104,1
DA:105,2
DA:108,1
DA:109,2
DA:112,0
DA:113,0
LF:47
LH:45
end_of_record
